<?xml version="1.0" encoding="UTF-8"?>
<!-- Generated by org.testng.reporters.JUnitReportReporter -->
<testsuite skipped="0" hostname="LAPTOP-FD9FNOTU" name="mainPage.mainPageTest" tests="1" failures="0" timestamp="2021-03-22T16:08:16 CDT" time="17.259" errors="0">
  <testcase name="mainPageTest1" time="17.259" classname="mainPage.mainPageTest"/>
  <system-out/>
</testsuite> <!-- mainPage.mainPageTest -->
